#
# There is insufficient memory for the Java Runtime Environment to continue.
# Native memory allocation (mmap) failed to map 130023424 bytes. Error detail: G1 virtual space
# Possible reasons:
#   The system is out of physical RAM or swap space
#   This process is running with CompressedOops enabled, and the Java Heap may be blocking the growth of the native heap
# Possible solutions:
#   Reduce memory load on the system
#   Increase physical memory or swap space
#   Check if swap backing store is full
#   Decrease Java heap size (-Xmx/-Xms)
#   Decrease number of Java threads
#   Decrease Java thread stack sizes (-Xss)
#   Set larger code cache with -XX:ReservedCodeCacheSize=
#   JVM is running with Unscaled Compressed Oops mode in which the Java heap is
#     placed in the first 4GB address space. The Java Heap base address is the
#     maximum limit for the native heap growth. Please use -XX:HeapBaseMinAddress
#     to set the Java Heap base and to place the Java Heap above 4GB virtual address.
# This output file may be truncated or incomplete.
#
#  Out of Memory Error (os_windows.cpp:3707), pid=16348, tid=23832
#
# JRE version:  (23.0.2+7) (build )
# Java VM: Java HotSpot(TM) 64-Bit Server VM (23.0.2+7-58, mixed mode, sharing, tiered, compressed oops, compressed class ptrs, g1 gc, windows-amd64)
# No core dump will be written. Minidumps are not enabled by default on client versions of Windows
#

---------------  S U M M A R Y ------------

Command Line: -Dfile.encoding=UTF-8 -Dstdout.encoding=UTF-8 -Dstderr.encoding=UTF-8 -XX:+ShowCodeDetailsInExceptionMessages FlightDriver

Host: 11th Gen Intel(R) Core(TM) i5-1135G7 @ 2.40GHz, 8 cores, 7G,  Windows 11 , 64 bit Build 26100 (10.0.26100.3775)
Time: Mon Apr 14 22:45:11 2025 Eastern Summer Time elapsed time: 0.011380 seconds (0d 0h 0m 0s)

---------------  T H R E A D  ---------------

Current thread (0x000001dd8619e270):  JavaThread "Unknown thread" [_thread_in_vm, id=23832, stack(0x0000001a58900000,0x0000001a58a00000) (1024K)]

Stack: [0x0000001a58900000,0x0000001a58a00000]
Native frames: (J=compiled Java code, j=interpreted, Vv=VM code, C=native code)
V  [jvm.dll+0x6e0b99]  (no source info available)
V  [jvm.dll+0x87e2b3]  (no source info available)
V  [jvm.dll+0x88073e]  (no source info available)
V  [jvm.dll+0x880e13]  (no source info available)
V  [jvm.dll+0x27b006]  (no source info available)
V  [jvm.dll+0x6dd485]  (no source info available)
V  [jvm.dll+0x6d127a]  (no source info available)
V  [jvm.dll+0x35b50a]  (no source info available)
V  [jvm.dll+0x363916]  (no source info available)
V  [jvm.dll+0x34fe7e]  (no source info available)
V  [jvm.dll+0x350118]  (no source info available)
V  [jvm.dll+0x328aec]  (no source info available)
V  [jvm.dll+0x32978e]  (no source info available)
V  [jvm.dll+0x8449a5]  (no source info available)
V  [jvm.dll+0x3b9a08]  (no source info available)
V  [jvm.dll+0x82d68c]  (no source info available)
V  [jvm.dll+0x454f2e]  (no source info available)
V  [jvm.dll+0x456db1]  (no source info available)
C  [jli.dll+0x52a3]  (no source info available)
C  [ucrtbase.dll+0x37b0]  (no source info available)
C  [KERNEL32.DLL+0x2e8d7]  (no source info available)
C  [ntdll.dll+0xb14fc]  (no source info available)

Lock stack of current Java thread (top to bottom):


---------------  P R O C E S S  ---------------

Threads class SMR info:
_java_thread_list=0x00007ff879204618, length=0, elements={
}

Java Threads: ( => current thread )
Total: 0

Other Threads:
  0x000001dd885ed970 WorkerThread "GC Thread#0"                     [id=30604, stack(0x0000001a58a00000,0x0000001a58b00000) (1024K)]
  0x000001dd88601f20 ConcurrentGCThread "G1 Main Marker"            [id=23596, stack(0x0000001a58b00000,0x0000001a58c00000) (1024K)]
  0x000001dd88603950 WorkerThread "G1 Conc#0"                       [id=32752, stack(0x0000001a58c00000,0x0000001a58d00000) (1024K)]

[error occurred during error reporting (printing all threads), id 0xc0000005, EXCEPTION_ACCESS_VIOLATION (0xc0000005) at pc=0x00007ff87894c0da]
VM state: not at safepoint (not fully initialized)

VM Mutex/Monitor currently owned by a thread:  ([mutex/lock_event])
[0x00007ff879284988] Heap_lock - owner thread: 0x000001dd8619e270

Heap address: 0x0000000084400000, size: 1980 MB, Compressed Oops mode: 32-bit

CDS archive(s) mapped at: [0x0000000000000000-0x0000000000000000-0x0000000000000000), size 0, SharedBaseAddress: 0x0000000800000000, ArchiveRelocationMode: 1.
Narrow klass base: 0x0000000000000000, Narrow klass shift: 0, Narrow klass range: 0x0

GC Precious Log:
 CardTable entry size: 512
 Card Set container configuration: InlinePtr #cards 5 size 8 Array Of Cards #cards 10 size 36 Howl #buckets 4 coarsen threshold 1843 Howl Bitmap #cards 512 size 80 coarsen threshold 460 Card regions per heap region 1 cards per card region 2048

Heap:
 garbage-first heap   total reserved 2027520K, committed 0K, used 0K [0x0000000084400000, 0x0000000100000000)
  region size 1024K, 0 young (0K), 0 survivors (0K)

[error occurred during error reporting (printing heap information), id 0xc0000005, EXCEPTION_ACCESS_VIOLATION (0xc0000005) at pc=0x00007ff878d4c6a9]
GC Heap History (0 events):
No events

Dll operation events (1 events):
Event: 0.008 Loaded shared library C:\Program Files\Java\jdk-23\bin\java.dll

Deoptimization events (0 events):
No events

Classes loaded (0 events):
No events

Classes unloaded (0 events):
No events

Classes redefined (0 events):
No events

Internal exceptions (0 events):
No events

VM Operations (0 events):
No events

Memory protections (0 events):
No events

Nmethod flushes (0 events):
No events

Events (0 events):
No events


Dynamic libraries:
0x00007ff701640000 - 0x00007ff701650000 	C:\Program Files\Java\jdk-23\bin\javaw.exe
0x00007ff92bc40000 - 0x00007ff92bea0000 	C:\WINDOWS\SYSTEM32\ntdll.dll
0x00007ff92a930000 - 0x00007ff92a9f7000 	C:\WINDOWS\System32\KERNEL32.DLL
0x00007ff9292f0000 - 0x00007ff9296ba000 	C:\WINDOWS\System32\KERNELBASE.dll
0x00007ff928e20000 - 0x00007ff928f6b000 	C:\WINDOWS\System32\ucrtbase.dll
0x00007ff90e3f0000 - 0x00007ff90e407000 	C:\Program Files\Java\jdk-23\bin\jli.dll
0x00007ff916a40000 - 0x00007ff916a5b000 	C:\Program Files\Java\jdk-23\bin\VCRUNTIME140.dll
0x00007ff92aae0000 - 0x00007ff92acac000 	C:\WINDOWS\System32\USER32.dll
0x00007ff90ce10000 - 0x00007ff90d0a7000 	C:\WINDOWS\WinSxS\amd64_microsoft.windows.common-controls_6595b64144ccf1df_6.0.26100.3624_none_3e086962e3345f24\COMCTL32.dll
0x00007ff9296c0000 - 0x00007ff9296e7000 	C:\WINDOWS\System32\win32u.dll
0x00007ff92bb00000 - 0x00007ff92bba9000 	C:\WINDOWS\System32\msvcrt.dll
0x00007ff929cb0000 - 0x00007ff929cda000 	C:\WINDOWS\System32\GDI32.dll
0x00007ff929790000 - 0x00007ff9298c1000 	C:\WINDOWS\System32\gdi32full.dll
0x00007ff928f70000 - 0x00007ff929013000 	C:\WINDOWS\System32\msvcp_win.dll
0x00007ff92bac0000 - 0x00007ff92baef000 	C:\WINDOWS\System32\IMM32.DLL
0x00007ff925730000 - 0x00007ff92573c000 	C:\Program Files\Java\jdk-23\bin\vcruntime140_1.dll
0x00007ff90e150000 - 0x00007ff90e1de000 	C:\Program Files\Java\jdk-23\bin\msvcp140.dll
0x00007ff878610000 - 0x00007ff879360000 	C:\Program Files\Java\jdk-23\bin\server\jvm.dll
0x00007ff92b7c0000 - 0x00007ff92b872000 	C:\WINDOWS\System32\ADVAPI32.dll
0x00007ff92a390000 - 0x00007ff92a436000 	C:\WINDOWS\System32\sechost.dll
0x00007ff92b590000 - 0x00007ff92b6a6000 	C:\WINDOWS\System32\RPCRT4.dll
0x00007ff92b740000 - 0x00007ff92b7b4000 	C:\WINDOWS\System32\WS2_32.dll
0x00007ff928c70000 - 0x00007ff928cce000 	C:\WINDOWS\SYSTEM32\POWRPROF.dll
0x00007ff91ed20000 - 0x00007ff91ed56000 	C:\WINDOWS\SYSTEM32\WINMM.dll
0x00007ff916a10000 - 0x00007ff916a1b000 	C:\WINDOWS\SYSTEM32\VERSION.dll
0x00007ff928c50000 - 0x00007ff928c64000 	C:\WINDOWS\SYSTEM32\UMPDC.dll
0x00007ff927b90000 - 0x00007ff927baa000 	C:\WINDOWS\SYSTEM32\kernel.appcore.dll
0x00007ff924fd0000 - 0x00007ff924fda000 	C:\Program Files\Java\jdk-23\bin\jimage.dll
0x00007ff9265d0000 - 0x00007ff926811000 	C:\WINDOWS\SYSTEM32\DBGHELP.DLL
0x00007ff92a5a0000 - 0x00007ff92a922000 	C:\WINDOWS\System32\combase.dll
0x00007ff92aa00000 - 0x00007ff92aad6000 	C:\WINDOWS\System32\OLEAUT32.dll
0x00007ff887bc0000 - 0x00007ff887bf9000 	C:\WINDOWS\SYSTEM32\dbgcore.DLL
0x00007ff9296f0000 - 0x00007ff929789000 	C:\WINDOWS\System32\bcryptPrimitives.dll
0x00007ff9229e0000 - 0x00007ff9229fe000 	C:\Program Files\Java\jdk-23\bin\java.dll
0x00007ff92b3e0000 - 0x00007ff92b576000 	C:\WINDOWS\System32\ole32.dll
0x00007ff92acb0000 - 0x00007ff92b3d9000 	C:\WINDOWS\System32\SHELL32.dll
0x00007ff9298d0000 - 0x00007ff929a38000 	C:\WINDOWS\System32\wintypes.dll

dbghelp: loaded successfully - version: 4.0.5 - missing functions: none
symbol engine: initialized successfully - sym options: 0x614 - pdb path: .;C:\Program Files\Java\jdk-23\bin;C:\WINDOWS\SYSTEM32;C:\WINDOWS\WinSxS\amd64_microsoft.windows.common-controls_6595b64144ccf1df_6.0.26100.3624_none_3e086962e3345f24;C:\Program Files\Java\jdk-23\bin\server

VM Arguments:
jvm_args: -Dfile.encoding=UTF-8 -Dstdout.encoding=UTF-8 -Dstderr.encoding=UTF-8 -XX:+ShowCodeDetailsInExceptionMessages 
java_command: FlightDriver
java_class_path (initial): C:\Users\meize\.eclipse\COMP248A4\bin
Launcher Type: SUN_STANDARD

[Global flags]
     intx CICompilerCount                          = 4                                         {product} {ergonomic}
     uint ConcGCThreads                            = 2                                         {product} {ergonomic}
     uint G1ConcRefinementThreads                  = 8                                         {product} {ergonomic}
   size_t G1HeapRegionSize                         = 1048576                                   {product} {ergonomic}
   size_t InitialHeapSize                          = 130023424                                 {product} {ergonomic}
   size_t MarkStackSize                            = 4194304                                   {product} {ergonomic}
   size_t MarkStackSizeMax                         = 536870912                                 {product} {ergonomic}
   size_t MaxHeapSize                              = 2076180480                                {product} {ergonomic}
   size_t MinHeapDeltaBytes                        = 1048576                                   {product} {ergonomic}
   size_t MinHeapSize                              = 8388608                                   {product} {ergonomic}
    uintx NonNMethodCodeHeapSize                   = 5832704                                {pd product} {ergonomic}
    uintx NonProfiledCodeHeapSize                  = 122945536                              {pd product} {ergonomic}
    uintx ProfiledCodeHeapSize                     = 122880000                              {pd product} {ergonomic}
    uintx ReservedCodeCacheSize                    = 251658240                              {pd product} {ergonomic}
     bool SegmentedCodeCache                       = true                                      {product} {ergonomic}
     bool ShowCodeDetailsInExceptionMessages       = true                                   {manageable} {command line}
   size_t SoftMaxHeapSize                          = 2076180480                             {manageable} {ergonomic}
     bool UseCompressedOops                        = true                           {product lp64_product} {ergonomic}
     bool UseG1GC                                  = true                                      {product} {ergonomic}
     bool UseLargePagesIndividualAllocation        = false                                  {pd product} {ergonomic}

Logging:
Log output configuration:
 #0: stdout all=warning uptime,level,tags foldmultilines=false
 #1: stderr all=off uptime,level,tags foldmultilines=false

Environment Variables:
JAVA_HOME=C:\Program Files\Java\jdk-23
PATH=C:/Program Files/Java/jdk-23/bin/server;C:/Program Files/Java/jdk-23/bin;C:\Program Files\Common Files\Oracle\Java\javapath;C:\WINDOWS\system32;C:\WINDOWS;C:\WINDOWS\System32\Wbem;C:\WINDOWS\System32\WindowsPowerShell\v1.0\;C:\WINDOWS\System32\OpenSSH\;C:\Program Files\Java\jdk-23\bin;C:\Users\meize\AppData\Local\Microsoft\WindowsApps;;C:\Users\meize\OneDrive\Bureau;
USERNAME=meize
OS=Windows_NT
PROCESSOR_IDENTIFIER=Intel64 Family 6 Model 140 Stepping 1, GenuineIntel
TMP=C:\Users\meize\AppData\Local\Temp
TEMP=C:\Users\meize\AppData\Local\Temp




Periodic native trim disabled

---------------  S Y S T E M  ---------------

OS:
 Windows 11 , 64 bit Build 26100 (10.0.26100.3775)
OS uptime: 1 days 2:22 hours

CPU: total 8 (initial active 8) (4 cores per cpu, 2 threads per core) family 6 model 140 stepping 1 microcode 0xac, cx8, cmov, fxsr, ht, mmx, 3dnowpref, sse, sse2, sse3, ssse3, sse4.1, sse4.2, popcnt, lzcnt, tsc, tscinvbit, avx, avx2, aes, erms, clmul, bmi1, bmi2, adx, avx512f, avx512dq, avx512cd, avx512bw, avx512vl, sha, fma, vzeroupper, avx512_vpopcntdq, avx512_vpclmulqdq, avx512_vaes, avx512_vnni, clflush, clflushopt, clwb, avx512_vbmi2, avx512_vbmi, rdtscp, rdpid, fsrm, gfni, avx512_bitalg, f16c, pku, cet_ibt, cet_ss, avx512_ifma
Processor Information for the first 8 processors :
  Max Mhz: 2419, Current Mhz: 907, Mhz Limit: 895

Memory: 4k page, system-wide physical 7915M (678M free)
TotalPageFile size 32450M (AvailPageFile size 83M)
current process WorkingSet (physical memory assigned to process): 13M, peak: 13M
current process commit charge ("private bytes"): 60M, peak: 184M

vm_info: Java HotSpot(TM) 64-Bit Server VM (23.0.2+7-58) for windows-amd64 JRE (23.0.2+7-58), built on 2024-11-29T09:34:55Z with MS VC++ 17.6 (VS2022)

END.
